<?xml version="1.0" encoding="UTF-8"?>
<coverage generated="1571283917351" clover="3.2.0">
  <project timestamp="1571283917351" name="All files">
    <metrics statements="7" coveredstatements="0" conditionals="0" coveredconditionals="0" methods="2" coveredmethods="0" elements="9" coveredelements="0" complexity="0" loc="7" ncloc="7" packages="2" files="4" classes="4">
      <package name="src">
        <metrics statements="3" coveredstatements="0" conditionals="0" coveredconditionals="0" methods="0" coveredmethods="0"/>
        <file name="App.vue" path="/home/gabriel/Vue Projects/Pastel-de-Ideias/pastel-de-ideias/pastelaria/src/App.vue">
          <metrics statements="3" coveredstatements="0" conditionals="0" coveredconditionals="0" methods="0" coveredmethods="0"/>
          <line num="15" count="0" type="stmt"/>
          <line num="16" count="0" type="stmt"/>
          <line num="17" count="0" type="stmt"/>
        </file>
      </package>
      <package name="src.components">
        <metrics statements="4" coveredstatements="0" conditionals="0" coveredconditionals="0" methods="2" coveredmethods="0"/>
        <file name="CarteBuilder.vue" path="/home/gabriel/Vue Projects/Pastel-de-Ideias/pastel-de-ideias/pastelaria/src/components/CarteBuilder.vue">
          <metrics statements="1" coveredstatements="0" conditionals="0" coveredconditionals="0" methods="0" coveredmethods="0"/>
          <line num="19" count="0" type="stmt"/>
        </file>
        <file name="CarteBuilderContent.vue" path="/home/gabriel/Vue Projects/Pastel-de-Ideias/pastel-de-ideias/pastelaria/src/components/CarteBuilderContent.vue">
          <metrics statements="2" coveredstatements="0" conditionals="0" coveredconditionals="0" methods="1" coveredmethods="0"/>
          <line num="29" count="0" type="stmt"/>
          <line num="34" count="0" type="stmt"/>
        </file>
        <file name="HelloWorld.vue" path="/home/gabriel/Vue Projects/Pastel-de-Ideias/pastel-de-ideias/pastelaria/src/components/HelloWorld.vue">
          <metrics statements="1" coveredstatements="0" conditionals="0" coveredconditionals="0" methods="1" coveredmethods="0"/>
          <line num="89" count="0" type="stmt"/>
        </file>
      </package>
    </metrics>
  </project>
</coverage>
