{"/home/gabriel/Vue Projects/Pastel-de-Ideias/pastel-de-ideias/pastelaria/src/App.vue": {"path":"/home/gabriel/Vue Projects/Pastel-de-Ideias/pastel-de-ideias/pastelaria/src/App.vue","statementMap":{"0":{"start":{"line":15,"column":0},"end":{"line":null,"column":-1}},"1":{"start":{"line":16,"column":0},"end":{"line":null,"column":-1}},"2":{"start":{"line":17,"column":0},"end":{"line":null,"column":-1}}},"fnMap":{},"branchMap":{},"s":{"0":0,"1":0,"2":0},"f":{},"b":{}}
,"/home/gabriel/Vue Projects/Pastel-de-Ideias/pastel-de-ideias/pastelaria/src/components/CarteBuilder.vue": {"path":"/home/gabriel/Vue Projects/Pastel-de-Ideias/pastel-de-ideias/pastelaria/src/components/CarteBuilder.vue","statementMap":{"0":{"start":{"line":19,"column":0},"end":{"line":null,"column":-1}}},"fnMap":{},"branchMap":{},"s":{"0":0},"f":{},"b":{}}
,"/home/gabriel/Vue Projects/Pastel-de-Ideias/pastel-de-ideias/pastelaria/src/components/CarteBuilderContent.vue": {"path":"/home/gabriel/Vue Projects/Pastel-de-Ideias/pastel-de-ideias/pastelaria/src/components/CarteBuilderContent.vue","statementMap":{"0":{"start":{"line":29,"column":0},"end":{"line":null,"column":-1}},"1":{"start":{"line":34,"column":0},"end":{"line":null,"column":-1}}},"fnMap":{"0":{"name":"data","decl":{"start":{"line":34,"column":0},"end":{"line":null,"column":-1}},"loc":{"start":{"line":34,"column":0},"end":{"line":null,"column":-1}}}},"branchMap":{},"s":{"0":0,"1":0},"f":{"0":0},"b":{}}
,"/home/gabriel/Vue Projects/Pastel-de-Ideias/pastel-de-ideias/pastelaria/src/components/HelloWorld.vue": {"path":"/home/gabriel/Vue Projects/Pastel-de-Ideias/pastel-de-ideias/pastelaria/src/components/HelloWorld.vue","statementMap":{"0":{"start":{"line":89,"column":0},"end":{"line":null,"column":-1}}},"fnMap":{"0":{"name":"data","decl":{"start":{"line":89,"column":0},"end":{"line":null,"column":-1}},"loc":{"start":{"line":89,"column":0},"end":{"line":null,"column":-1}}}},"branchMap":{},"s":{"0":0},"f":{"0":0},"b":{}}
}
