TN:
SF:/home/gabriel/Vue Projects/Pastel-de-Ideias/pastel-de-ideias/pastelaria/src/App.vue
FNF:0
FNH:0
DA:15,0
DA:16,0
DA:17,0
LF:3
LH:0
BRF:0
BRH:0
end_of_record
TN:
SF:/home/gabriel/Vue Projects/Pastel-de-Ideias/pastel-de-ideias/pastelaria/src/components/CarteBuilder.vue
FNF:0
FNH:0
DA:19,0
LF:1
LH:0
BRF:0
BRH:0
end_of_record
TN:
SF:/home/gabriel/Vue Projects/Pastel-de-Ideias/pastel-de-ideias/pastelaria/src/components/CarteBuilderContent.vue
FN:34,data
FNF:1
FNH:0
FNDA:0,data
DA:29,0
DA:34,0
LF:2
LH:0
BRF:0
BRH:0
end_of_record
TN:
SF:/home/gabriel/Vue Projects/Pastel-de-Ideias/pastel-de-ideias/pastelaria/src/components/HelloWorld.vue
FN:89,data
FNF:1
FNH:0
FNDA:0,data
DA:89,0
LF:1
LH:0
BRF:0
BRH:0
end_of_record
